mode: set
github.com/susilo001/golang-advance/unit-test-crud-user/main.go:15.13,32.2 10 0
github.com/susilo001/golang-advance/unit-test-crud-user/middleware/auth.go:9.39,10.30 1 1
github.com/susilo001/golang-advance/unit-test-crud-user/middleware/auth.go:10.30,12.10 2 1
github.com/susilo001/golang-advance/unit-test-crud-user/middleware/auth.go:12.10,16.4 3 1
github.com/susilo001/golang-advance/unit-test-crud-user/middleware/auth.go:18.3,23.15 3 1
github.com/susilo001/golang-advance/unit-test-crud-user/middleware/auth.go:23.15,27.4 3 1
github.com/susilo001/golang-advance/unit-test-crud-user/middleware/auth.go:29.3,29.11 1 1
github.com/susilo001/golang-advance/unit-test-crud-user/handler/userHandler.go:26.68,30.2 1 1
github.com/susilo001/golang-advance/unit-test-crud-user/handler/userHandler.go:33.50,35.48 2 1
github.com/susilo001/golang-advance/unit-test-crud-user/handler/userHandler.go:35.48,38.3 2 1
github.com/susilo001/golang-advance/unit-test-crud-user/handler/userHandler.go:40.2,41.41 2 1
github.com/susilo001/golang-advance/unit-test-crud-user/handler/userHandler.go:45.47,47.16 2 1
github.com/susilo001/golang-advance/unit-test-crud-user/handler/userHandler.go:47.16,50.3 2 1
github.com/susilo001/golang-advance/unit-test-crud-user/handler/userHandler.go:52.2,53.16 2 1
github.com/susilo001/golang-advance/unit-test-crud-user/handler/userHandler.go:53.16,56.3 2 1
github.com/susilo001/golang-advance/unit-test-crud-user/handler/userHandler.go:58.2,58.29 1 1
github.com/susilo001/golang-advance/unit-test-crud-user/handler/userHandler.go:62.50,64.16 2 1
github.com/susilo001/golang-advance/unit-test-crud-user/handler/userHandler.go:64.16,67.3 2 1
github.com/susilo001/golang-advance/unit-test-crud-user/handler/userHandler.go:69.2,70.48 2 1
github.com/susilo001/golang-advance/unit-test-crud-user/handler/userHandler.go:70.48,73.3 2 1
github.com/susilo001/golang-advance/unit-test-crud-user/handler/userHandler.go:75.2,76.16 2 1
github.com/susilo001/golang-advance/unit-test-crud-user/handler/userHandler.go:76.16,79.3 2 1
github.com/susilo001/golang-advance/unit-test-crud-user/handler/userHandler.go:81.2,81.36 1 1
github.com/susilo001/golang-advance/unit-test-crud-user/handler/userHandler.go:85.50,87.16 2 1
github.com/susilo001/golang-advance/unit-test-crud-user/handler/userHandler.go:87.16,90.3 2 1
github.com/susilo001/golang-advance/unit-test-crud-user/handler/userHandler.go:92.2,92.53 1 1
github.com/susilo001/golang-advance/unit-test-crud-user/handler/userHandler.go:92.53,95.3 2 1
github.com/susilo001/golang-advance/unit-test-crud-user/handler/userHandler.go:97.2,97.57 1 1
github.com/susilo001/golang-advance/unit-test-crud-user/handler/userHandler.go:101.51,104.2 2 1
github.com/susilo001/golang-advance/unit-test-crud-user/repository/userRepository.go:15.66,17.2 1 1
github.com/susilo001/golang-advance/unit-test-crud-user/repository/userRepository.go:19.68,26.2 6 1
github.com/susilo001/golang-advance/unit-test-crud-user/repository/userRepository.go:28.66,29.28 1 1
github.com/susilo001/golang-advance/unit-test-crud-user/repository/userRepository.go:29.28,30.20 1 1
github.com/susilo001/golang-advance/unit-test-crud-user/repository/userRepository.go:30.20,32.4 1 1
github.com/susilo001/golang-advance/unit-test-crud-user/repository/userRepository.go:34.2,34.29 1 1
github.com/susilo001/golang-advance/unit-test-crud-user/repository/userRepository.go:38.83,39.25 1 1
github.com/susilo001/golang-advance/unit-test-crud-user/repository/userRepository.go:39.25,40.17 1 1
github.com/susilo001/golang-advance/unit-test-crud-user/repository/userRepository.go:40.17,46.4 5 1
github.com/susilo001/golang-advance/unit-test-crud-user/repository/userRepository.go:48.2,48.29 1 1
github.com/susilo001/golang-advance/unit-test-crud-user/repository/userRepository.go:52.50,53.28 1 1
github.com/susilo001/golang-advance/unit-test-crud-user/repository/userRepository.go:53.28,54.20 1 1
github.com/susilo001/golang-advance/unit-test-crud-user/repository/userRepository.go:54.20,57.4 2 1
github.com/susilo001/golang-advance/unit-test-crud-user/repository/userRepository.go:59.2,59.14 1 1
github.com/susilo001/golang-advance/unit-test-crud-user/repository/userRepository.go:63.54,65.2 1 1
github.com/susilo001/golang-advance/unit-test-crud-user/router/router.go:10.67,30.2 10 1
github.com/susilo001/golang-advance/unit-test-crud-user/service/userService.go:33.60,35.2 1 1
github.com/susilo001/golang-advance/unit-test-crud-user/service/userService.go:38.65,40.2 1 1
github.com/susilo001/golang-advance/unit-test-crud-user/service/userService.go:43.64,45.12 2 1
github.com/susilo001/golang-advance/unit-test-crud-user/service/userService.go:45.12,47.3 1 1
github.com/susilo001/golang-advance/unit-test-crud-user/service/userService.go:48.2,48.18 1 1
github.com/susilo001/golang-advance/unit-test-crud-user/service/userService.go:52.81,54.12 2 1
github.com/susilo001/golang-advance/unit-test-crud-user/service/userService.go:54.12,56.3 1 1
github.com/susilo001/golang-advance/unit-test-crud-user/service/userService.go:57.2,57.25 1 1
github.com/susilo001/golang-advance/unit-test-crud-user/service/userService.go:61.48,62.32 1 1
github.com/susilo001/golang-advance/unit-test-crud-user/service/userService.go:62.32,64.3 1 1
github.com/susilo001/golang-advance/unit-test-crud-user/service/userService.go:65.2,65.12 1 1
github.com/susilo001/golang-advance/unit-test-crud-user/service/userService.go:69.51,71.2 1 1
