mode: set
github.com/susilo001/golang-advance/validator/main.go:15.13,32.2 10 0
github.com/susilo001/golang-advance/validator/repository/userRepository.go:15.66,17.2 1 1
github.com/susilo001/golang-advance/validator/repository/userRepository.go:19.68,26.2 6 1
github.com/susilo001/golang-advance/validator/repository/userRepository.go:28.66,29.28 1 1
github.com/susilo001/golang-advance/validator/repository/userRepository.go:29.28,30.20 1 1
github.com/susilo001/golang-advance/validator/repository/userRepository.go:30.20,32.4 1 1
github.com/susilo001/golang-advance/validator/repository/userRepository.go:34.2,34.29 1 1
github.com/susilo001/golang-advance/validator/repository/userRepository.go:38.83,39.25 1 1
github.com/susilo001/golang-advance/validator/repository/userRepository.go:39.25,40.17 1 1
github.com/susilo001/golang-advance/validator/repository/userRepository.go:40.17,46.4 5 1
github.com/susilo001/golang-advance/validator/repository/userRepository.go:48.2,48.29 1 1
github.com/susilo001/golang-advance/validator/repository/userRepository.go:52.50,53.28 1 1
github.com/susilo001/golang-advance/validator/repository/userRepository.go:53.28,54.20 1 1
github.com/susilo001/golang-advance/validator/repository/userRepository.go:54.20,57.4 2 1
github.com/susilo001/golang-advance/validator/repository/userRepository.go:59.2,59.14 1 1
github.com/susilo001/golang-advance/validator/repository/userRepository.go:63.54,65.2 1 1
github.com/susilo001/golang-advance/validator/middleware/auth.go:9.39,10.30 1 1
github.com/susilo001/golang-advance/validator/middleware/auth.go:10.30,12.10 2 1
github.com/susilo001/golang-advance/validator/middleware/auth.go:12.10,16.4 3 1
github.com/susilo001/golang-advance/validator/middleware/auth.go:18.3,23.15 3 1
github.com/susilo001/golang-advance/validator/middleware/auth.go:23.15,27.4 3 1
github.com/susilo001/golang-advance/validator/middleware/auth.go:29.3,29.11 1 1
github.com/susilo001/golang-advance/validator/handler/userHandler.go:27.68,31.2 1 1
github.com/susilo001/golang-advance/validator/handler/userHandler.go:34.50,36.48 2 1
github.com/susilo001/golang-advance/validator/handler/userHandler.go:36.48,41.3 4 1
github.com/susilo001/golang-advance/validator/handler/userHandler.go:43.2,44.41 2 1
github.com/susilo001/golang-advance/validator/handler/userHandler.go:48.47,50.16 2 1
github.com/susilo001/golang-advance/validator/handler/userHandler.go:50.16,53.3 2 1
github.com/susilo001/golang-advance/validator/handler/userHandler.go:55.2,56.16 2 1
github.com/susilo001/golang-advance/validator/handler/userHandler.go:56.16,59.3 2 1
github.com/susilo001/golang-advance/validator/handler/userHandler.go:61.2,61.29 1 1
github.com/susilo001/golang-advance/validator/handler/userHandler.go:65.50,67.16 2 1
github.com/susilo001/golang-advance/validator/handler/userHandler.go:67.16,70.3 2 1
github.com/susilo001/golang-advance/validator/handler/userHandler.go:72.2,73.48 2 1
github.com/susilo001/golang-advance/validator/handler/userHandler.go:73.48,78.3 4 1
github.com/susilo001/golang-advance/validator/handler/userHandler.go:80.2,81.16 2 1
github.com/susilo001/golang-advance/validator/handler/userHandler.go:81.16,84.3 2 1
github.com/susilo001/golang-advance/validator/handler/userHandler.go:86.2,86.36 1 1
github.com/susilo001/golang-advance/validator/handler/userHandler.go:90.50,92.16 2 1
github.com/susilo001/golang-advance/validator/handler/userHandler.go:92.16,95.3 2 1
github.com/susilo001/golang-advance/validator/handler/userHandler.go:97.2,97.53 1 1
github.com/susilo001/golang-advance/validator/handler/userHandler.go:97.53,100.3 2 1
github.com/susilo001/golang-advance/validator/handler/userHandler.go:102.2,102.57 1 1
github.com/susilo001/golang-advance/validator/handler/userHandler.go:106.51,109.2 2 1
github.com/susilo001/golang-advance/validator/utility/converter.go:5.69,6.9 1 1
github.com/susilo001/golang-advance/validator/utility/converter.go:7.74,8.35 1 0
github.com/susilo001/golang-advance/validator/utility/converter.go:9.75,10.36 1 0
github.com/susilo001/golang-advance/validator/utility/converter.go:11.78,12.39 1 0
github.com/susilo001/golang-advance/validator/utility/converter.go:15.2,15.18 1 1
github.com/susilo001/golang-advance/validator/router/router.go:10.67,30.2 10 1
github.com/susilo001/golang-advance/validator/utility/converter.go:5.69,6.9 1 0
github.com/susilo001/golang-advance/validator/utility/converter.go:7.74,8.35 1 0
github.com/susilo001/golang-advance/validator/utility/converter.go:9.75,10.36 1 0
github.com/susilo001/golang-advance/validator/utility/converter.go:11.78,12.39 1 0
github.com/susilo001/golang-advance/validator/utility/converter.go:15.2,15.18 1 0
github.com/susilo001/golang-advance/validator/utility/converter.go:5.69,6.9 1 0
github.com/susilo001/golang-advance/validator/utility/converter.go:7.74,8.35 1 0
github.com/susilo001/golang-advance/validator/utility/converter.go:9.75,10.36 1 0
github.com/susilo001/golang-advance/validator/utility/converter.go:11.78,12.39 1 0
github.com/susilo001/golang-advance/validator/utility/converter.go:15.2,15.18 1 0
github.com/susilo001/golang-advance/validator/service/userService.go:33.60,35.2 1 1
github.com/susilo001/golang-advance/validator/service/userService.go:38.65,40.2 1 1
github.com/susilo001/golang-advance/validator/service/userService.go:43.64,45.12 2 1
github.com/susilo001/golang-advance/validator/service/userService.go:45.12,47.3 1 1
github.com/susilo001/golang-advance/validator/service/userService.go:48.2,48.18 1 1
github.com/susilo001/golang-advance/validator/service/userService.go:52.81,54.12 2 1
github.com/susilo001/golang-advance/validator/service/userService.go:54.12,56.3 1 1
github.com/susilo001/golang-advance/validator/service/userService.go:57.2,57.25 1 1
github.com/susilo001/golang-advance/validator/service/userService.go:61.48,62.32 1 1
github.com/susilo001/golang-advance/validator/service/userService.go:62.32,64.3 1 1
github.com/susilo001/golang-advance/validator/service/userService.go:65.2,65.12 1 1
github.com/susilo001/golang-advance/validator/service/userService.go:69.51,71.2 1 1
